Start testing: Jan 06 21:18 UTC
----------------------------------------------------------
1/4 Testing: test-boris
1/4 Test: test-boris
Command: "/home/runner/work/IRT/IRT/build/tests/boris/test-boris"
Directory: /home/runner/work/IRT/IRT/build/tests/boris
"test-boris" start time: Jan 06 21:18 UTC
Output:
----------------------------------------------------------
Running uniform_bz test...
Running drift_ey test...
<end of output>
Test time =   0.01 sec
----------------------------------------------------------
Test Passed.
"test-boris" end time: Jan 06 21:18 UTC
"test-boris" time elapsed: 00:00:00
----------------------------------------------------------

2/4 Testing: test-ampere
2/4 Test: test-ampere
Command: "/home/runner/work/IRT/IRT/build/tests/ampere/test-ampere"
Directory: /home/runner/work/IRT/IRT/build/tests/ampere
"test-ampere" start time: Jan 06 21:18 UTC
Output:
----------------------------------------------------------
Running Ampere test...
<end of output>
Test time =   0.01 sec
----------------------------------------------------------
Test Passed.
"test-ampere" end time: Jan 06 21:18 UTC
"test-ampere" time elapsed: 00:00:00
----------------------------------------------------------

3/4 Testing: test-faraday
3/4 Test: test-faraday
Command: "/home/runner/work/IRT/IRT/build/tests/faraday/test-faraday"
Directory: /home/runner/work/IRT/IRT/build/tests/faraday
"test-faraday" start time: Jan 06 21:18 UTC
Output:
----------------------------------------------------------
Running Faraday test...
<end of output>
Test time =   0.01 sec
----------------------------------------------------------
Test Passed.
"test-faraday" end time: Jan 06 21:18 UTC
"test-faraday" time elapsed: 00:00:00
----------------------------------------------------------

4/4 Testing: test-moments
4/4 Test: test-moments
Command: "/home/runner/work/IRT/IRT/build/tests/moments/test-moments"
Directory: /home/runner/work/IRT/IRT/build/tests/moments
"test-moments" start time: Jan 06 21:18 UTC
Output:
----------------------------------------------------------
Running population + moments test...
Loaded 5000 particles.
# x   N(x)   Vx(x)   Vy(x)   Vz(x)
0  0.5  -0.0121815  -0.0140613  -0.0432525
0.01  1  -0.00979483  -0.00142854  -0.0325267
0.02  1  0.00818383  0.0147457  -0.0168517
0.03  1  -0.0045066  0.0084092  -0.0223552
0.04  1  -0.00647242  0.00908269  -0.0360149
0.05  1  0.0345887  0.0313091  -0.0217799
0.06  1  0.0364671  0.00954391  0.00219785
0.07  1  0.0427225  -0.0255508  0.0343615
0.08  1  0.0408727  -0.0195493  0.0253712
0.09  1  -0.0126369  -0.0213831  -0.006801
0.1  1  -0.026735  -0.00917274  0.00183012
0.11  1  0.00987328  -0.00347935  0.0224146
0.12  1  -0.00123483  0.00238111  0.00254885
0.13  1  -0.0205278  0.0133365  -0.0253194
0.14  1  -0.0172379  -0.00569633  0.00272553
0.15  1  -0.00852927  -0.0156923  -0.00179475
0.16  1  0.0214837  0.0178958  -0.0123328
0.17  1  0.0391683  0.0322115  0.00394967
0.18  1  -0.0141421  -0.00119743  -0.00319914
0.19  1  -0.0292195  -0.0425984  0.0103184
0.2  1  0.0125359  -0.0599558  0.021727
0.21  1  0.0181436  -0.0470866  -0.0172891
0.22  1  0.0091802  -0.0275033  -0.00515386
0.23  1  0.011538  0.00693234  0.0192912
0.24  1  -0.0240254  0.0307243  0.0134438
0.25  1  -0.0353733  0.0381306  0.0131929
0.26  1  -0.00250813  0.0313546  -0.0165483
0.27  1  0.0137949  -0.00532439  -0.0123363
0.28  1  0.003397  -0.0516465  -0.0124237
0.29  1  -0.00577492  -0.0649883  -0.0303896
0.3  1  -0.0213612  -0.0461977  0.00161085
0.31  1  -0.0398132  -0.00550143  -0.00266816
0.32  1  0.00478652  0.00168785  0.00574019
0.33  1  0.0135238  0.00827145  0.0182346
0.34  1  -0.0115851  0.0264424  -0.0178372
0.35  1  0.010167  0.02321  -0.0331693
0.36  1  0.0414666  -0.00416499  -0.0309378
0.37  1  0.0156199  -0.0125427  -0.00914432
0.38  1  0.00641576  0.0112051  -0.00185503
0.39  1  0.0175717  -0.0103945  -0.00930839
0.4  1  -0.00225639  -0.0187521  -0.0214151
0.41  1  -0.0326269  -0.0208443  -0.00136373
0.42  1  -0.0335016  -0.0205832  0.00861101
0.43  1  -0.0128909  0.0156019  -0.0159986
0.44  1  0.00736639  0.0343296  0.00712379
0.45  1  0.0646688  0.0222722  0.0252944
0.46  1  0.0224983  -0.00408183  0.00458307
0.47  1  -0.0262978  -0.0291806  0.0106039
0.48  1  0.0144965  -0.00065958  0.0160295
0.49  1  -0.00595642  0.0352533  0.00103995
0.5  1  -0.00695622  0.0236255  -0.000465893
0.51  1  0.00443927  0.0075943  -0.00128526
0.52  1  -0.00454663  -0.0117495  0.0348383
0.53  1  0.0154282  0.00693919  0.0355691
0.54  1  -0.00593239  0.010544  0.0156959
0.55  1  -0.0342746  -0.0167562  0.0337622
0.56  1  -0.0282737  0.0196553  0.0335291
0.57  1  -0.0318934  0.0299943  0.0132814
0.58  1  -0.0275648  -0.00675921  -0.019962
0.59  1  -0.0398387  0.00153602  -0.033548
0.6  1  -0.0366087  0.00455834  -0.0103975
0.61  1  -0.0281371  -0.00285733  0.0198164
0.62  1  -0.0105622  -0.00616214  0.0120578
0.63  1  0.0152928  -0.00459588  -0.00548348
0.64  1  -0.00662529  0.0418415  -0.00408878
0.65  1  -0.0278173  0.0345938  0.00146729
0.66  1  -0.0071988  0.00380228  -0.00954908
0.67  1  -0.00568707  0.0231263  0.0213558
0.68  1  0.0124881  0.0306021  0.0300781
0.69  1  0.0173628  0.0171083  -0.0285063
0.7  1  0.00394896  0.0164197  -0.0238399
0.71  1  0.00346513  0.00130472  0.00817578
0.72  1  -0.0080482  -0.0133699  0.0212273
0.73  1  -0.0178582  -0.0109993  0.00903031
0.74  1  -0.0419268  0.00195116  -0.00343947
0.75  1  -0.0436417  0.00195302  0.00262359
0.76  1  0.00402356  -0.0249435  -0.0105495
0.77  1  -0.0149248  -0.0098117  -0.0366116
0.78  1  -0.0626686  0.0126955  -0.0197319
0.79  1  -0.0246991  0.0168744  0.0177126
0.8  1  0.00479833  0.0156682  -0.00831204
0.81  1  0.0296821  0.0364631  -0.032046
0.82  1  0.0147266  0.0437405  0.00364494
0.83  1  -0.00205352  0.00178908  0.00547169
0.84  1  0.00918626  0.0016595  -0.00848017
0.85  1  -0.000279486  0.0122124  -0.0101118
0.86  1  0.0206385  -0.0181926  -0.0173468
0.87  1  0.0158457  -0.0185779  -0.00378846
0.88  1  -0.0245738  0.00260202  -0.0154021
0.89  1  -0.0202883  0.000712264  -0.0179804
0.9  1  -0.000597694  -0.0245944  0.0105141
0.91  1  0.017309  -0.00558936  -0.0085322
0.92  1  0.0116959  0.0204893  -0.00883868
0.93  1  0.00174448  -0.0197569  0.0196338
0.94  1  -0.00604598  -0.0205014  -0.01177
0.95  1  -0.00957477  0.0126201  -0.00750248
0.96  1  -0.00508551  -0.00418999  0.0168779
0.97  1  -0.0174041  -0.0102118  0.0250951
0.98  1  0.00598714  0.00756012  0.0299064
0.99  1  0.0359878  0.0219205  0.00373362
test_moments completed successfully.
<end of output>
Test time =   0.00 sec
----------------------------------------------------------
Test Passed.
"test-moments" end time: Jan 06 21:18 UTC
"test-moments" time elapsed: 00:00:00
----------------------------------------------------------

End testing: Jan 06 21:18 UTC
