Start testing: Jan 05 21:30 UTC
----------------------------------------------------------
1/3 Testing: test-boris
1/3 Test: test-boris
Command: "/home/runner/work/IRT/IRT/build/tests/boris/test-boris"
Directory: /home/runner/work/IRT/IRT/build/tests/boris
"test-boris" start time: Jan 05 21:30 UTC
Output:
----------------------------------------------------------
Running uniform_bz test...
Running drift_ey test...
<end of output>
Test time =   0.01 sec
----------------------------------------------------------
Test Passed.
"test-boris" end time: Jan 05 21:30 UTC
"test-boris" time elapsed: 00:00:00
----------------------------------------------------------

2/3 Testing: test-population
2/3 Test: test-population
Command: "/home/runner/work/IRT/IRT/build/tests/population/test-population"
Directory: /home/runner/work/IRT/IRT/build/tests/population
"test-population" start time: Jan 05 21:30 UTC
Output:
----------------------------------------------------------
Loaded 1000000 particles.
<end of output>
Test time =   0.17 sec
----------------------------------------------------------
Test Passed.
"test-population" end time: Jan 05 21:30 UTC
"test-population" time elapsed: 00:00:00
----------------------------------------------------------

3/3 Testing: test-ampere-faraday
3/3 Test: test-ampere-faraday
Command: "/home/runner/work/IRT/IRT/build/tests/ampere_faraday/test-ampere-faraday"
Directory: /home/runner/work/IRT/IRT/build/tests/ampere_faraday
"test-ampere-faraday" start time: Jan 05 21:30 UTC
Output:
----------------------------------------------------------
Running ampère test...Ampere test passed!
Output written to ampere.h5
Running faraday test...Faraday test passed!
Output written to faraday.h5
<end of output>
Test time =   0.01 sec
----------------------------------------------------------
Test Passed.
"test-ampere-faraday" end time: Jan 05 21:30 UTC
"test-ampere-faraday" time elapsed: 00:00:00
----------------------------------------------------------

End testing: Jan 05 21:30 UTC
